{"level":"info","message":"Banco de dados inicializado com sucesso.","timestamp":"2025-08-01T17:48:14.493Z"}
{"level":"info","message":"Inicializando todos os clientes WppConnect...","timestamp":"2025-08-01T17:48:14.495Z"}
{"level":"info","message":"Iniciando criação do cliente para a sessão: primary_number (554399241054)","timestamp":"2025-08-01T17:48:14.496Z"}
{"level":"info","message":"Status da sessão primary_number: desconnectedMobile","timestamp":"2025-08-01T17:48:23.561Z"}
{"level":"info","message":"Status do número 554399241054 (primary_number) atualizado para: desconnectedMobile","timestamp":"2025-08-01T17:48:23.569Z"}
{"level":"info","message":"QR Code para a sessão primary_number. Escaneie para conectar.","timestamp":"2025-08-01T17:48:23.967Z"}
{"level":"info","message":"Status da sessão primary_number: notLogged","timestamp":"2025-08-01T17:48:23.976Z"}
{"level":"info","message":"Status do número 554399241054 (primary_number) atualizado para: notLogged","timestamp":"2025-08-01T17:48:23.999Z"}
{"level":"info","message":"Status da sessão primary_number: qrReadSuccess","timestamp":"2025-08-01T17:48:30.080Z"}
{"level":"info","message":"Status do número 554399241054 (primary_number) atualizado para: qrReadSuccess","timestamp":"2025-08-01T17:48:30.098Z"}
{"level":"info","message":"Status do número 554399241054 (primary_number) atualizado para: connected","timestamp":"2025-08-01T17:48:31.306Z"}
{"level":"info","message":"Cliente para a sessão primary_number conectado com sucesso.","timestamp":"2025-08-01T17:48:31.307Z"}
{"level":"info","message":"Processo de inicialização de clientes finalizado.","timestamp":"2025-08-01T17:48:31.307Z"}
{"level":"info","message":"Módulo WppConnect inicializado.","timestamp":"2025-08-01T17:48:31.307Z"}
{"level":"info","message":"Servidor rodando na porta 3000","timestamp":"2025-08-01T17:48:31.313Z"}
{"level":"info","message":"Status da sessão primary_number: inChat","timestamp":"2025-08-01T17:48:32.644Z"}
{"level":"info","message":"Status do número 554399241054 (primary_number) atualizado para: inChat","timestamp":"2025-08-01T17:48:32.652Z"}
{"level":"info","message":"Executando verificação de saúde das sessões...","timestamp":"2025-08-01T17:49:31.312Z"}
{"level":"info","message":"Status do número 554399241054 (primary_number) atualizado para: connected","timestamp":"2025-08-01T17:49:31.343Z"}
{"level":"info","message":"Sessão primary_number está saudável e conectada.","timestamp":"2025-08-01T17:49:31.344Z"}
{"level":"info","message":"Executando verificação de saúde das sessões...","timestamp":"2025-08-01T17:50:31.317Z"}
{"level":"info","message":"Status do número 554399241054 (primary_number) atualizado para: connected","timestamp":"2025-08-01T17:50:31.338Z"}
{"level":"info","message":"Sessão primary_number está saudável e conectada.","timestamp":"2025-08-01T17:50:31.339Z"}
{"level":"info","message":"Executando verificação de saúde das sessões...","timestamp":"2025-08-01T17:51:31.332Z"}
{"level":"info","message":"Status do número 554399241054 (primary_number) atualizado para: connected","timestamp":"2025-08-01T17:51:31.367Z"}
{"level":"info","message":"Sessão primary_number está saudável e conectada.","timestamp":"2025-08-01T17:51:31.368Z"}
{"level":"info","message":"Novo usuário registrado: test-user-1754070693@example.com (ID: 1)","timestamp":"2025-08-01T17:51:33.870Z"}
{"level":"info","message":"Usuário logado com sucesso: test-user-1754070693@example.com","timestamp":"2025-08-01T17:51:33.964Z"}
{"level":"info","message":"Cliente selecionado para envio: primary_number","timestamp":"2025-08-01T17:51:34.007Z"}
{"level":"error","message":"Falha ao enviar mensagem para 1: SQLITE_CONSTRAINT: NOT NULL constraint failed: messages.sent_by_number","timestamp":"2025-08-01T17:51:34.982Z"}
{"level":"info","message":"Cliente selecionado para envio: primary_number","timestamp":"2025-08-01T17:51:35.020Z"}
{"level":"error","message":"Falha ao enviar mensagem para 1: SQLITE_CONSTRAINT: NOT NULL constraint failed: messages.sent_by_number","timestamp":"2025-08-01T17:51:36.754Z"}
{"level":"info","message":"Cliente selecionado para envio: primary_number","timestamp":"2025-08-01T17:51:36.794Z"}
{"level":"info","message":"Cliente selecionado para envio: primary_number","timestamp":"2025-08-01T17:51:37.122Z"}
{"level":"info","message":"Processamento de lote finalizado para o usuário 1. Total: 2","timestamp":"2025-08-01T17:51:37.389Z"}
{"level":"info","message":"Executando verificação de saúde das sessões...","timestamp":"2025-08-01T17:52:31.342Z"}
{"level":"info","message":"Status do número 554399241054 (primary_number) atualizado para: connected","timestamp":"2025-08-01T17:52:31.363Z"}
{"level":"info","message":"Sessão primary_number está saudável e conectada.","timestamp":"2025-08-01T17:52:31.363Z"}
{"level":"info","message":"Usuário logado com sucesso: test-user-1754070693@example.com","timestamp":"2025-08-01T17:52:45.738Z"}
{"level":"info","message":"Cliente selecionado para envio: primary_number","timestamp":"2025-08-01T17:52:45.755Z"}
{"level":"error","message":"Falha ao enviar mensagem para 1: SQLITE_CONSTRAINT: NOT NULL constraint failed: messages.sent_by_number","timestamp":"2025-08-01T17:52:46.112Z"}
{"level":"info","message":"Cliente selecionado para envio: primary_number","timestamp":"2025-08-01T17:52:46.127Z"}
{"level":"error","message":"Falha ao enviar mensagem para 1: SQLITE_CONSTRAINT: NOT NULL constraint failed: messages.sent_by_number","timestamp":"2025-08-01T17:52:46.798Z"}
{"level":"info","message":"Cliente selecionado para envio: primary_number","timestamp":"2025-08-01T17:52:46.823Z"}
{"level":"info","message":"Cliente selecionado para envio: primary_number","timestamp":"2025-08-01T17:52:47.315Z"}
{"level":"info","message":"Processamento de lote finalizado para o usuário 1. Total: 2","timestamp":"2025-08-01T17:52:47.665Z"}
{"level":"info","message":"Usuário logado com sucesso: test-user-1754070693@example.com","timestamp":"2025-08-01T17:53:09.841Z"}
{"level":"info","message":"Cliente selecionado para envio: primary_number","timestamp":"2025-08-01T17:53:09.857Z"}
{"level":"error","message":"Falha ao enviar mensagem para 1: SQLITE_CONSTRAINT: NOT NULL constraint failed: messages.sent_by_number","timestamp":"2025-08-01T17:53:10.107Z"}
{"level":"info","message":"Cliente selecionado para envio: primary_number","timestamp":"2025-08-01T17:53:10.122Z"}
{"level":"error","message":"Falha ao enviar mensagem para 1: SQLITE_CONSTRAINT: NOT NULL constraint failed: messages.sent_by_number","timestamp":"2025-08-01T17:53:10.712Z"}
{"level":"info","message":"Cliente selecionado para envio: primary_number","timestamp":"2025-08-01T17:53:10.724Z"}
{"level":"info","message":"Processamento de lote finalizado para o usuário 1. Total: 2","timestamp":"2025-08-01T17:53:11.045Z"}
{"level":"info","message":"Executando verificação de saúde das sessões...","timestamp":"2025-08-01T17:53:31.343Z"}
{"level":"info","message":"Status do número 554399241054 (primary_number) atualizado para: connected","timestamp":"2025-08-01T17:53:31.351Z"}
{"level":"info","message":"Sessão primary_number está saudável e conectada.","timestamp":"2025-08-01T17:53:31.352Z"}
{"level":"info","message":"Executando verificação de saúde das sessões...","timestamp":"2025-08-01T17:54:31.356Z"}
{"level":"info","message":"Status do número 554399241054 (primary_number) atualizado para: connected","timestamp":"2025-08-01T17:54:31.381Z"}
{"level":"info","message":"Sessão primary_number está saudável e conectada.","timestamp":"2025-08-01T17:54:31.383Z"}
{"level":"info","message":"Executando verificação de saúde das sessões...","timestamp":"2025-08-01T17:55:31.360Z"}
{"level":"info","message":"Status do número 554399241054 (primary_number) atualizado para: connected","timestamp":"2025-08-01T17:55:31.397Z"}
{"level":"info","message":"Sessão primary_number está saudável e conectada.","timestamp":"2025-08-01T17:55:31.398Z"}
{"level":"info","message":"Executando verificação de saúde das sessões...","timestamp":"2025-08-01T17:56:31.367Z"}
{"level":"info","message":"Status do número 554399241054 (primary_number) atualizado para: connected","timestamp":"2025-08-01T17:56:31.405Z"}
{"level":"info","message":"Sessão primary_number está saudável e conectada.","timestamp":"2025-08-01T17:56:31.405Z"}
{"level":"info","message":"Executando verificação de saúde das sessões...","timestamp":"2025-08-01T17:57:31.367Z"}
{"level":"info","message":"Status do número 554399241054 (primary_number) atualizado para: connected","timestamp":"2025-08-01T17:57:31.388Z"}
{"level":"info","message":"Sessão primary_number está saudável e conectada.","timestamp":"2025-08-01T17:57:31.389Z"}
{"level":"info","message":"Novo usuário registrado: test-user-1754071095@example.com (ID: 2)","timestamp":"2025-08-01T17:58:15.114Z"}
{"level":"info","message":"Usuário logado com sucesso: test-user-1754071095@example.com","timestamp":"2025-08-01T17:58:15.190Z"}
{"level":"info","message":"Cliente selecionado para envio: primary_number","timestamp":"2025-08-01T17:58:15.209Z"}
{"level":"error","message":"Falha ao enviar mensagem para 2: SQLITE_CONSTRAINT: NOT NULL constraint failed: messages.sent_by_number","timestamp":"2025-08-01T17:58:15.549Z"}
{"level":"info","message":"Cliente selecionado para envio: primary_number","timestamp":"2025-08-01T17:58:15.599Z"}
{"level":"error","message":"Falha ao enviar mensagem para 2: SQLITE_CONSTRAINT: NOT NULL constraint failed: messages.sent_by_number","timestamp":"2025-08-01T17:58:16.323Z"}
{"level":"info","message":"Cliente selecionado para envio: primary_number","timestamp":"2025-08-01T17:58:16.346Z"}
{"level":"info","message":"Cliente selecionado para envio: primary_number","timestamp":"2025-08-01T17:58:16.657Z"}
{"level":"info","message":"Processamento de lote finalizado para o usuário 2. Total: 2","timestamp":"2025-08-01T17:58:16.943Z"}
{"level":"info","message":"Executando verificação de saúde das sessões...","timestamp":"2025-08-01T17:58:31.376Z"}
{"level":"info","message":"Status do número 554399241054 (primary_number) atualizado para: connected","timestamp":"2025-08-01T17:58:31.397Z"}
{"level":"info","message":"Sessão primary_number está saudável e conectada.","timestamp":"2025-08-01T17:58:31.398Z"}
{"level":"info","message":"Banco de dados inicializado com sucesso.","timestamp":"2025-08-01T17:58:35.642Z"}
{"level":"info","message":"Inicializando todos os clientes WppConnect...","timestamp":"2025-08-01T17:58:35.644Z"}
{"level":"info","message":"Iniciando criação do cliente para a sessão: primary_number (554399241054)","timestamp":"2025-08-01T17:58:35.645Z"}
{"level":"info","message":"Status da sessão primary_number: isLogged","timestamp":"2025-08-01T17:58:40.940Z"}
{"level":"info","message":"Status do número 554399241054 (primary_number) atualizado para: isLogged","timestamp":"2025-08-01T17:58:40.963Z"}
{"level":"info","message":"Status da sessão primary_number: inChat","timestamp":"2025-08-01T17:58:41.313Z"}
{"level":"info","message":"Status do número 554399241054 (primary_number) atualizado para: inChat","timestamp":"2025-08-01T17:58:41.329Z"}
{"level":"info","message":"Status do número 554399241054 (primary_number) atualizado para: connected","timestamp":"2025-08-01T17:58:42.174Z"}
{"level":"info","message":"Cliente para a sessão primary_number conectado com sucesso.","timestamp":"2025-08-01T17:58:42.175Z"}
{"level":"info","message":"Processo de inicialização de clientes finalizado.","timestamp":"2025-08-01T17:58:42.175Z"}
{"level":"info","message":"Módulo WppConnect inicializado.","timestamp":"2025-08-01T17:58:42.176Z"}
{"level":"info","message":"Servidor rodando na porta 3000","timestamp":"2025-08-01T17:58:42.180Z"}
{"level":"info","message":"Status da sessão primary_number: inChat","timestamp":"2025-08-01T17:58:48.054Z"}
{"level":"info","message":"Status do número 554399241054 (primary_number) atualizado para: inChat","timestamp":"2025-08-01T17:58:48.064Z"}
{"level":"info","message":"Novo usuário registrado: test-user-1754071134@example.com (ID: 3)","timestamp":"2025-08-01T17:58:54.110Z"}
{"level":"info","message":"Usuário logado com sucesso: test-user-1754071134@example.com","timestamp":"2025-08-01T17:58:54.181Z"}
{"level":"warn","message":"Nenhum cliente WppConnect disponível para envio.","timestamp":"2025-08-01T17:58:54.202Z"}
{"level":"warn","message":"Nenhum cliente WppConnect disponível para envio.","timestamp":"2025-08-01T17:58:54.209Z"}
{"level":"warn","message":"Nenhum cliente WppConnect disponível para envio.","timestamp":"2025-08-01T17:58:54.216Z"}
{"level":"warn","message":"Nenhum cliente WppConnect disponível para envio.","timestamp":"2025-08-01T17:58:54.218Z"}
{"level":"info","message":"Processamento de lote finalizado para o usuário 3. Total: 2","timestamp":"2025-08-01T17:58:54.219Z"}
{"level":"info","message":"Novo usuário registrado: test-user-1754071144@example.com (ID: 4)","timestamp":"2025-08-01T17:59:04.544Z"}
{"level":"info","message":"Usuário logado com sucesso: test-user-1754071144@example.com","timestamp":"2025-08-01T17:59:04.606Z"}
{"level":"warn","message":"Nenhum cliente WppConnect disponível para envio.","timestamp":"2025-08-01T17:59:04.621Z"}
{"level":"warn","message":"Nenhum cliente WppConnect disponível para envio.","timestamp":"2025-08-01T17:59:04.627Z"}
{"level":"warn","message":"Nenhum cliente WppConnect disponível para envio.","timestamp":"2025-08-01T17:59:04.634Z"}
{"level":"warn","message":"Nenhum cliente WppConnect disponível para envio.","timestamp":"2025-08-01T17:59:04.636Z"}
{"level":"info","message":"Processamento de lote finalizado para o usuário 4. Total: 2","timestamp":"2025-08-01T17:59:04.637Z"}
{"level":"info","message":"Novo usuário registrado: test-user-1754071178@example.com (ID: 5)","timestamp":"2025-08-01T17:59:38.526Z"}
{"level":"info","message":"Usuário logado com sucesso: test-user-1754071178@example.com","timestamp":"2025-08-01T17:59:38.591Z"}
{"level":"warn","message":"Nenhum cliente WppConnect disponível para envio.","timestamp":"2025-08-01T17:59:38.603Z"}
{"level":"warn","message":"Nenhum cliente WppConnect disponível para envio.","timestamp":"2025-08-01T17:59:38.607Z"}
{"level":"warn","message":"Nenhum cliente WppConnect disponível para envio.","timestamp":"2025-08-01T17:59:38.613Z"}
{"level":"warn","message":"Nenhum cliente WppConnect disponível para envio.","timestamp":"2025-08-01T17:59:38.615Z"}
{"level":"info","message":"Processamento de lote finalizado para o usuário 5. Total: 2","timestamp":"2025-08-01T17:59:38.616Z"}
{"level":"info","message":"Executando verificação de saúde das sessões...","timestamp":"2025-08-01T17:59:42.185Z"}
{"level":"info","message":"Status do número 554399241054 (primary_number) atualizado para: connected","timestamp":"2025-08-01T17:59:42.195Z"}
{"level":"info","message":"Sessão primary_number está saudável e conectada.","timestamp":"2025-08-01T17:59:42.196Z"}
{"level":"info","message":"Executando verificação de saúde das sessões...","timestamp":"2025-08-01T18:00:42.189Z"}
{"level":"info","message":"Status do número 554399241054 (primary_number) atualizado para: connected","timestamp":"2025-08-01T18:00:42.209Z"}
{"level":"info","message":"Sessão primary_number está saudável e conectada.","timestamp":"2025-08-01T18:00:42.211Z"}
{"level":"info","message":"Banco de dados inicializado com sucesso.","timestamp":"2025-08-01T18:01:40.539Z"}
{"level":"info","message":"Inicializando todos os clientes WppConnect...","timestamp":"2025-08-01T18:01:40.542Z"}
{"level":"info","message":"Iniciando criação do cliente para a sessão: primary_number (554399241054)","timestamp":"2025-08-01T18:01:40.542Z"}
{"level":"info","message":"Status da sessão primary_number: isLogged","timestamp":"2025-08-01T18:01:44.871Z"}
{"level":"info","message":"Status do número 554399241054 (primary_number) atualizado para: connected","timestamp":"2025-08-01T18:01:44.889Z"}
{"level":"info","message":"Cliente para a sessão primary_number foi inicializado. Aguardando autenticação via QR Code...","timestamp":"2025-08-01T18:01:46.075Z"}
{"level":"info","message":"Processo de inicialização de clientes finalizado.","timestamp":"2025-08-01T18:01:46.075Z"}
{"level":"info","message":"Módulo WppConnect inicializado.","timestamp":"2025-08-01T18:01:46.076Z"}
{"level":"info","message":"Servidor rodando na porta 3000","timestamp":"2025-08-01T18:01:46.081Z"}
{"level":"info","message":"Status da sessão primary_number: inChat","timestamp":"2025-08-01T18:01:46.290Z"}
{"level":"info","message":"Status do número 554399241054 (primary_number) atualizado para: connected","timestamp":"2025-08-01T18:01:46.301Z"}
{"level":"info","message":"Novo usuário registrado: test-user-1754071321@example.com (ID: 6)","timestamp":"2025-08-01T18:02:01.595Z"}
{"level":"info","message":"Usuário logado com sucesso: test-user-1754071321@example.com","timestamp":"2025-08-01T18:02:01.663Z"}
{"level":"info","message":"Cliente selecionado para envio: primary_number (554399241054)","timestamp":"2025-08-01T18:02:01.684Z"}
{"level":"info","message":"Mensagem enviada por 6 para 554391... via 554399241054","timestamp":"2025-08-01T18:02:02.050Z"}
{"level":"info","message":"Cliente selecionado para envio: primary_number (554399241054)","timestamp":"2025-08-01T18:02:02.058Z"}
{"level":"info","message":"Mensagem enviada por 6 para 554391... via 554399241054","timestamp":"2025-08-01T18:02:03.746Z"}
{"level":"info","message":"Cliente selecionado para envio: primary_number (554399241054)","timestamp":"2025-08-01T18:02:03.755Z"}
{"level":"info","message":"Cliente selecionado para envio: primary_number (554399241054)","timestamp":"2025-08-01T18:02:04.156Z"}
{"level":"info","message":"Processamento de lote finalizado para o usuário 6. Total: 2","timestamp":"2025-08-01T18:02:04.423Z"}
{"level":"info","message":"Executando verificação de saúde das sessões...","timestamp":"2025-08-01T18:02:46.084Z"}
{"level":"info","message":"Status do número 554399241054 (primary_number) atualizado para: connected","timestamp":"2025-08-01T18:02:46.098Z"}
{"level":"info","message":"Sessão primary_number está saudável e conectada.","timestamp":"2025-08-01T18:02:46.098Z"}
{"level":"info","message":"Usuário logado com sucesso: test-user-1754071321@example.com","timestamp":"2025-08-01T18:03:06.603Z"}
{"level":"info","message":"Cliente selecionado para envio: primary_number (554399241054)","timestamp":"2025-08-01T18:03:06.616Z"}
{"level":"info","message":"Mensagem enviada por 6 para 554391... via 554399241054","timestamp":"2025-08-01T18:03:06.907Z"}
{"level":"info","message":"Cliente selecionado para envio: primary_number (554399241054)","timestamp":"2025-08-01T18:03:06.922Z"}
{"level":"info","message":"Mensagem enviada por 6 para 554391... via 554399241054","timestamp":"2025-08-01T18:03:07.645Z"}
{"level":"info","message":"Processamento de lote finalizado para o usuário 6. Total: 2","timestamp":"2025-08-01T18:03:07.655Z"}
{"level":"info","message":"Usuário logado com sucesso: test-user-1754071321@example.com","timestamp":"2025-08-01T18:03:22.388Z"}
{"level":"info","message":"Cliente selecionado para envio: primary_number (554399241054)","timestamp":"2025-08-01T18:03:22.403Z"}
{"level":"info","message":"Mensagem enviada por 6 para 554391... via 554399241054","timestamp":"2025-08-01T18:03:22.659Z"}
{"level":"info","message":"Cliente selecionado para envio: primary_number (554399241054)","timestamp":"2025-08-01T18:03:22.670Z"}
{"level":"info","message":"Mensagem enviada por 6 para 554391... via 554399241054","timestamp":"2025-08-01T18:03:23.280Z"}
{"level":"info","message":"Processamento de lote finalizado para o usuário 6. Total: 2","timestamp":"2025-08-01T18:03:23.288Z"}
{"level":"info","message":"Usuário logado com sucesso: test-user-1754071321@example.com","timestamp":"2025-08-01T18:03:26.924Z"}
{"level":"info","message":"Cliente selecionado para envio: primary_number (554399241054)","timestamp":"2025-08-01T18:03:26.939Z"}
{"level":"info","message":"Mensagem enviada por 6 para 554391... via 554399241054","timestamp":"2025-08-01T18:03:27.195Z"}
{"level":"info","message":"Cliente selecionado para envio: primary_number (554399241054)","timestamp":"2025-08-01T18:03:27.204Z"}
{"level":"info","message":"Mensagem enviada por 6 para 554391... via 554399241054","timestamp":"2025-08-01T18:03:27.741Z"}
{"level":"info","message":"Processamento de lote finalizado para o usuário 6. Total: 2","timestamp":"2025-08-01T18:03:27.750Z"}
{"level":"info","message":"Executando verificação de saúde das sessões...","timestamp":"2025-08-01T18:03:46.092Z"}
{"level":"info","message":"Status do número 554399241054 (primary_number) atualizado para: connected","timestamp":"2025-08-01T18:03:46.121Z"}
{"level":"info","message":"Sessão primary_number está saudável e conectada.","timestamp":"2025-08-01T18:03:46.122Z"}
{"level":"info","message":"Executando verificação de saúde das sessões...","timestamp":"2025-08-01T18:04:46.100Z"}
{"level":"info","message":"Status do número 554399241054 (primary_number) atualizado para: connected","timestamp":"2025-08-01T18:04:46.134Z"}
{"level":"info","message":"Sessão primary_number está saudável e conectada.","timestamp":"2025-08-01T18:04:46.137Z"}
{"level":"info","message":"Executando verificação de saúde das sessões...","timestamp":"2025-08-01T18:05:46.105Z"}
{"level":"info","message":"Status do número 554399241054 (primary_number) atualizado para: connected","timestamp":"2025-08-01T18:05:46.142Z"}
{"level":"info","message":"Sessão primary_number está saudável e conectada.","timestamp":"2025-08-01T18:05:46.143Z"}
{"level":"info","message":"Banco de dados inicializado com sucesso.","timestamp":"2025-08-01T18:06:34.594Z"}
{"level":"info","message":"Inicializando todos os clientes WppConnect...","timestamp":"2025-08-01T18:06:34.596Z"}
{"level":"info","message":"Iniciando criação do cliente para a sessão: primary_number (554399241054)","timestamp":"2025-08-01T18:06:34.597Z"}
{"level":"info","message":"Status da sessão primary_number: isLogged","timestamp":"2025-08-01T18:06:40.046Z"}
{"level":"info","message":"Status do número 554399241054 (primary_number) atualizado para: connected","timestamp":"2025-08-01T18:06:40.064Z"}
{"level":"info","message":"Status da sessão primary_number: inChat","timestamp":"2025-08-01T18:06:40.628Z"}
{"level":"info","message":"Status do número 554399241054 (primary_number) atualizado para: connected","timestamp":"2025-08-01T18:06:40.633Z"}
{"level":"info","message":"Cliente para a sessão primary_number foi inicializado. Aguardando autenticação via QR Code...","timestamp":"2025-08-01T18:06:41.260Z"}
{"level":"info","message":"Processo de inicialização de clientes finalizado.","timestamp":"2025-08-01T18:06:41.261Z"}
{"level":"info","message":"Módulo WppConnect inicializado.","timestamp":"2025-08-01T18:06:41.262Z"}
{"level":"info","message":"Servidor rodando na porta 3000","timestamp":"2025-08-01T18:06:41.268Z"}
{"level":"info","message":"Novo usuário registrado: test-user-1754071610@example.com (ID: 7)","timestamp":"2025-08-01T18:06:50.843Z"}
{"level":"info","message":"Usuário logado com sucesso: test-user-1754071610@example.com","timestamp":"2025-08-01T18:06:50.913Z"}
{"level":"info","message":"Cliente selecionado para envio: primary_number (554399241054)","timestamp":"2025-08-01T18:06:50.946Z"}
{"level":"info","message":"Mensagem enviada por 7 para 554391... via 554399241054","timestamp":"2025-08-01T18:06:51.342Z"}
{"level":"info","message":"Cliente selecionado para envio: primary_number (554399241054)","timestamp":"2025-08-01T18:06:51.365Z"}
{"level":"info","message":"Mensagem enviada por 7 para 554391... via 554399241054","timestamp":"2025-08-01T18:06:52.065Z"}
{"level":"info","message":"Cliente selecionado para envio: primary_number (554399241054)","timestamp":"2025-08-01T18:06:52.086Z"}
{"level":"info","message":"Cliente selecionado para envio: primary_number (554399241054)","timestamp":"2025-08-01T18:06:52.349Z"}
{"level":"info","message":"Processamento de lote finalizado para o usuário 7. Total: 2","timestamp":"2025-08-01T18:06:52.597Z"}
{"level":"info","message":"Usuário logado com sucesso: test-user-1754071610@example.com","timestamp":"2025-08-01T18:07:17.494Z"}
{"level":"info","message":"Cliente selecionado para envio: primary_number (554399241054)","timestamp":"2025-08-01T18:07:17.518Z"}
{"level":"info","message":"Mensagem enviada por 7 para 554391... via 554399241054","timestamp":"2025-08-01T18:07:17.762Z"}
{"level":"info","message":"Processamento de lote finalizado para o usuário 7. Total: 2","timestamp":"2025-08-01T18:07:17.780Z"}
{"level":"info","message":"Usuário logado com sucesso: test-user-1754071610@example.com","timestamp":"2025-08-01T18:07:22.399Z"}
{"level":"info","message":"Processamento de lote finalizado para o usuário 7. Total: 2","timestamp":"2025-08-01T18:07:22.429Z"}
{"level":"info","message":"Usuário logado com sucesso: test-user-1754071610@example.com","timestamp":"2025-08-01T18:07:25.109Z"}
{"level":"info","message":"Processamento de lote finalizado para o usuário 7. Total: 2","timestamp":"2025-08-01T18:07:25.135Z"}
{"level":"info","message":"Executando verificação de saúde das sessões...","timestamp":"2025-08-01T18:07:41.274Z"}
{"level":"info","message":"Status do número 554399241054 (primary_number) atualizado para: connected","timestamp":"2025-08-01T18:07:41.291Z"}
{"level":"info","message":"Sessão primary_number está saudável e conectada.","timestamp":"2025-08-01T18:07:41.292Z"}
{"level":"info","message":"Usuário logado com sucesso: test-user-1754071610@example.com","timestamp":"2025-08-01T18:07:44.865Z"}
{"level":"info","message":"Processamento de lote finalizado para o usuário 7. Total: 2","timestamp":"2025-08-01T18:07:44.892Z"}
{"level":"info","message":"Usuário logado com sucesso: test-user-1754071610@example.com","timestamp":"2025-08-01T18:07:45.666Z"}
{"level":"info","message":"Processamento de lote finalizado para o usuário 7. Total: 2","timestamp":"2025-08-01T18:07:45.693Z"}
{"level":"info","message":"Usuário logado com sucesso: test-user-1754071610@example.com","timestamp":"2025-08-01T18:07:46.440Z"}
{"level":"info","message":"Processamento de lote finalizado para o usuário 7. Total: 2","timestamp":"2025-08-01T18:07:46.466Z"}
{"level":"info","message":"Executando verificação de saúde das sessões...","timestamp":"2025-08-01T18:08:41.283Z"}
{"level":"info","message":"Status do número 554399241054 (primary_number) atualizado para: connected","timestamp":"2025-08-01T18:08:41.307Z"}
{"level":"info","message":"Sessão primary_number está saudável e conectada.","timestamp":"2025-08-01T18:08:41.308Z"}
{"level":"info","message":"Executando verificação de saúde das sessões...","timestamp":"2025-08-01T18:09:41.297Z"}
{"level":"info","message":"Status do número 554399241054 (primary_number) atualizado para: connected","timestamp":"2025-08-01T18:09:41.319Z"}
{"level":"info","message":"Sessão primary_number está saudável e conectada.","timestamp":"2025-08-01T18:09:41.320Z"}
{"level":"info","message":"Executando verificação de saúde das sessões...","timestamp":"2025-08-01T18:10:41.296Z"}
{"level":"info","message":"Status do número 554399241054 (primary_number) atualizado para: connected","timestamp":"2025-08-01T18:10:41.324Z"}
{"level":"info","message":"Sessão primary_number está saudável e conectada.","timestamp":"2025-08-01T18:10:41.325Z"}
{"level":"info","message":"Executando verificação de saúde das sessões...","timestamp":"2025-08-01T18:11:41.308Z"}
{"level":"info","message":"Status do número 554399241054 (primary_number) atualizado para: connected","timestamp":"2025-08-01T18:11:41.360Z"}
{"level":"info","message":"Sessão primary_number está saudável e conectada.","timestamp":"2025-08-01T18:11:41.361Z"}
{"level":"info","message":"Executando verificação de saúde das sessões...","timestamp":"2025-08-01T18:12:41.315Z"}
{"level":"info","message":"Status do número 554399241054 (primary_number) atualizado para: connected","timestamp":"2025-08-01T18:12:41.353Z"}
{"level":"info","message":"Sessão primary_number está saudável e conectada.","timestamp":"2025-08-01T18:12:41.353Z"}
{"level":"info","message":"Executando verificação de saúde das sessões...","timestamp":"2025-08-01T18:13:41.320Z"}
{"level":"info","message":"Status do número 554399241054 (primary_number) atualizado para: connected","timestamp":"2025-08-01T18:13:41.329Z"}
{"level":"info","message":"Sessão primary_number está saudável e conectada.","timestamp":"2025-08-01T18:13:41.330Z"}
{"level":"info","message":"Executando verificação de saúde das sessões...","timestamp":"2025-08-01T18:14:41.337Z"}
{"level":"info","message":"Status do número 554399241054 (primary_number) atualizado para: connected","timestamp":"2025-08-01T18:14:41.370Z"}
{"level":"info","message":"Sessão primary_number está saudável e conectada.","timestamp":"2025-08-01T18:14:41.372Z"}
{"level":"info","message":"Executando verificação de saúde das sessões...","timestamp":"2025-08-01T18:15:41.342Z"}
{"level":"info","message":"Status do número 554399241054 (primary_number) atualizado para: connected","timestamp":"2025-08-01T18:15:41.361Z"}
{"level":"info","message":"Sessão primary_number está saudável e conectada.","timestamp":"2025-08-01T18:15:41.362Z"}
{"level":"info","message":"Executando verificação de saúde das sessões...","timestamp":"2025-08-01T18:16:41.346Z"}
{"level":"info","message":"Status do número 554399241054 (primary_number) atualizado para: connected","timestamp":"2025-08-01T18:16:41.385Z"}
{"level":"info","message":"Sessão primary_number está saudável e conectada.","timestamp":"2025-08-01T18:16:41.386Z"}
{"level":"info","message":"Executando verificação de saúde das sessões...","timestamp":"2025-08-01T18:17:41.346Z"}
{"level":"info","message":"Status do número 554399241054 (primary_number) atualizado para: connected","timestamp":"2025-08-01T18:17:41.363Z"}
{"level":"info","message":"Sessão primary_number está saudável e conectada.","timestamp":"2025-08-01T18:17:41.363Z"}
{"level":"info","message":"Executando verificação de saúde das sessões...","timestamp":"2025-08-01T18:18:41.355Z"}
{"level":"info","message":"Status do número 554399241054 (primary_number) atualizado para: connected","timestamp":"2025-08-01T18:18:41.391Z"}
{"level":"info","message":"Sessão primary_number está saudável e conectada.","timestamp":"2025-08-01T18:18:41.392Z"}
{"level":"info","message":"Executando verificação de saúde das sessões...","timestamp":"2025-08-01T18:19:41.372Z"}
{"level":"info","message":"Status do número 554399241054 (primary_number) atualizado para: connected","timestamp":"2025-08-01T18:19:41.389Z"}
{"level":"info","message":"Sessão primary_number está saudável e conectada.","timestamp":"2025-08-01T18:19:41.389Z"}
{"level":"info","message":"Executando verificação de saúde das sessões...","timestamp":"2025-08-01T18:20:41.385Z"}
{"level":"info","message":"Status do número 554399241054 (primary_number) atualizado para: connected","timestamp":"2025-08-01T18:20:41.404Z"}
{"level":"info","message":"Sessão primary_number está saudável e conectada.","timestamp":"2025-08-01T18:20:41.405Z"}
{"level":"info","message":"Executando verificação de saúde das sessões...","timestamp":"2025-08-01T18:21:41.400Z"}
{"level":"info","message":"Status do número 554399241054 (primary_number) atualizado para: connected","timestamp":"2025-08-01T18:21:41.423Z"}
{"level":"info","message":"Sessão primary_number está saudável e conectada.","timestamp":"2025-08-01T18:21:41.424Z"}
{"level":"info","message":"Executando verificação de saúde das sessões...","timestamp":"2025-08-01T18:22:41.407Z"}
{"level":"info","message":"Status do número 554399241054 (primary_number) atualizado para: connected","timestamp":"2025-08-01T18:22:41.420Z"}
{"level":"info","message":"Sessão primary_number está saudável e conectada.","timestamp":"2025-08-01T18:22:41.421Z"}
{"level":"info","message":"Executando verificação de saúde das sessões...","timestamp":"2025-08-01T18:23:41.409Z"}
{"level":"info","message":"Status do número 554399241054 (primary_number) atualizado para: connected","timestamp":"2025-08-01T18:23:41.425Z"}
{"level":"info","message":"Sessão primary_number está saudável e conectada.","timestamp":"2025-08-01T18:23:41.425Z"}
{"level":"info","message":"Banco de dados inicializado com sucesso.","timestamp":"2025-08-01T18:31:36.416Z"}
{"level":"info","message":"Inicializando todos os clientes WppConnect...","timestamp":"2025-08-01T18:31:36.419Z"}
{"level":"info","message":"Iniciando criação do cliente para a sessão: primary_number (554399241054)","timestamp":"2025-08-01T18:31:36.419Z"}
{"level":"info","message":"Status da sessão primary_number: isLogged","timestamp":"2025-08-01T18:31:41.025Z"}
{"level":"info","message":"Status do número 554399241054 (primary_number) atualizado para: connected","timestamp":"2025-08-01T18:31:41.046Z"}
{"level":"info","message":"Cliente para a sessão primary_number foi inicializado. Aguardando autenticação via QR Code...","timestamp":"2025-08-01T18:31:42.236Z"}
{"level":"info","message":"Processo de inicialização de clientes finalizado.","timestamp":"2025-08-01T18:31:42.236Z"}
{"level":"info","message":"Módulo WppConnect inicializado.","timestamp":"2025-08-01T18:31:42.237Z"}
{"level":"info","message":"Servidor rodando na porta 3000","timestamp":"2025-08-01T18:31:42.241Z"}
{"level":"info","message":"Status da sessão primary_number: inChat","timestamp":"2025-08-01T18:31:43.124Z"}
{"level":"info","message":"Status do número 554399241054 (primary_number) atualizado para: connected","timestamp":"2025-08-01T18:31:43.136Z"}
{"level":"info","message":"Banco de dados inicializado com sucesso.","timestamp":"2025-08-01T18:32:51.141Z"}
{"level":"info","message":"Inicializando todos os clientes WppConnect...","timestamp":"2025-08-01T18:32:51.143Z"}
{"level":"info","message":"Iniciando criação do cliente para a sessão: primary_number (554399241054)","timestamp":"2025-08-01T18:32:51.144Z"}
{"level":"info","message":"Status da sessão primary_number: isLogged","timestamp":"2025-08-01T18:32:55.293Z"}
{"level":"info","message":"Status do número 554399241054 (primary_number) atualizado para: connected","timestamp":"2025-08-01T18:32:55.312Z"}
{"level":"info","message":"Cliente para a sessão primary_number foi inicializado. Aguardando autenticação via QR Code...","timestamp":"2025-08-01T18:32:56.517Z"}
{"level":"info","message":"Processo de inicialização de clientes finalizado.","timestamp":"2025-08-01T18:32:56.518Z"}
{"level":"info","message":"Módulo WppConnect inicializado.","timestamp":"2025-08-01T18:32:56.520Z"}
{"level":"info","message":"Servidor rodando na porta 3000","timestamp":"2025-08-01T18:32:56.525Z"}
{"level":"info","message":"Status da sessão primary_number: inChat","timestamp":"2025-08-01T18:32:57.267Z"}
{"level":"info","message":"Status do número 554399241054 (primary_number) atualizado para: connected","timestamp":"2025-08-01T18:32:57.277Z"}
{"level":"info","message":"Novo usuário registrado: dioneygabriel20@gmail.com (ID: 8)","timestamp":"2025-08-01T18:33:21.462Z"}
{"level":"info","message":"Usuário logado com sucesso: dioneygabriel20@gmail.com","timestamp":"2025-08-01T18:33:25.938Z"}
{"level":"info","message":"Executando verificação de saúde das sessões...","timestamp":"2025-08-01T18:33:56.529Z"}
{"level":"info","message":"Status do número 554399241054 (primary_number) atualizado para: connected","timestamp":"2025-08-01T18:33:56.553Z"}
{"level":"info","message":"Sessão primary_number está saudável e conectada.","timestamp":"2025-08-01T18:33:56.554Z"}
{"level":"info","message":"Cliente selecionado para envio: primary_number (554399241054)","timestamp":"2025-08-01T18:34:20.102Z"}
{"level":"info","message":"Cliente selecionado para envio: primary_number (554399241054)","timestamp":"2025-08-01T18:34:21.081Z"}
{"level":"info","message":"Cliente selecionado para envio: primary_number (554399241054)","timestamp":"2025-08-01T18:34:21.466Z"}
{"level":"info","message":"Cliente selecionado para envio: primary_number (554399241054)","timestamp":"2025-08-01T18:34:21.787Z"}
{"level":"info","message":"Cliente selecionado para envio: primary_number (554399241054)","timestamp":"2025-08-01T18:34:22.111Z"}
{"level":"info","message":"Processamento de lote finalizado para o usuário 8. Total: 5","timestamp":"2025-08-01T18:34:22.454Z"}
{"level":"info","message":"Executando verificação de saúde das sessões...","timestamp":"2025-08-01T18:34:56.530Z"}
{"level":"info","message":"Status do número 554399241054 (primary_number) atualizado para: connected","timestamp":"2025-08-01T18:34:56.566Z"}
{"level":"info","message":"Sessão primary_number está saudável e conectada.","timestamp":"2025-08-01T18:34:56.567Z"}
{"level":"error","message":"Erro ao criar assinatura no Mercado Pago: card_token_id is required","status":400,"timestamp":"2025-08-01T18:35:23.093Z"}
{"level":"info","message":"Executando verificação de saúde das sessões...","timestamp":"2025-08-01T18:35:56.532Z"}
{"level":"info","message":"Status do número 554399241054 (primary_number) atualizado para: connected","timestamp":"2025-08-01T18:35:56.551Z"}
{"level":"info","message":"Sessão primary_number está saudável e conectada.","timestamp":"2025-08-01T18:35:56.553Z"}
{"level":"info","message":"Executando verificação de saúde das sessões...","timestamp":"2025-08-01T18:36:56.539Z"}
{"level":"info","message":"Status do número 554399241054 (primary_number) atualizado para: connected","timestamp":"2025-08-01T18:36:56.558Z"}
{"level":"info","message":"Sessão primary_number está saudável e conectada.","timestamp":"2025-08-01T18:36:56.559Z"}
{"level":"info","message":"Banco de dados inicializado com sucesso.","timestamp":"2025-08-01T18:37:45.385Z"}
{"level":"info","message":"Inicializando todos os clientes WppConnect...","timestamp":"2025-08-01T18:37:45.389Z"}
{"level":"info","message":"Iniciando criação do cliente para a sessão: primary_number (554399241054)","timestamp":"2025-08-01T18:37:45.390Z"}
{"level":"info","message":"Status da sessão primary_number: isLogged","timestamp":"2025-08-01T18:37:49.694Z"}
{"level":"info","message":"Status do número 554399241054 (primary_number) atualizado para: connected","timestamp":"2025-08-01T18:37:49.717Z"}
{"level":"info","message":"Cliente para a sessão primary_number foi inicializado. Aguardando autenticação via QR Code...","timestamp":"2025-08-01T18:37:50.904Z"}
{"level":"info","message":"Processo de inicialização de clientes finalizado.","timestamp":"2025-08-01T18:37:50.904Z"}
{"level":"info","message":"Módulo WppConnect inicializado.","timestamp":"2025-08-01T18:37:50.904Z"}
{"level":"info","message":"Servidor rodando na porta 3000","timestamp":"2025-08-01T18:37:50.908Z"}
{"level":"info","message":"Status da sessão primary_number: inChat","timestamp":"2025-08-01T18:37:51.556Z"}
{"level":"info","message":"Status do número 554399241054 (primary_number) atualizado para: connected","timestamp":"2025-08-01T18:37:51.566Z"}
{"level":"error","message":"Erro ao criar assinatura no Mercado Pago: card_token_id is required","status":400,"timestamp":"2025-08-01T18:37:56.276Z"}
{"level":"info","message":"Executando verificação de saúde das sessões...","timestamp":"2025-08-01T18:38:50.919Z"}
{"level":"info","message":"Status do número 554399241054 (primary_number) atualizado para: connected","timestamp":"2025-08-01T18:38:50.941Z"}
{"level":"info","message":"Sessão primary_number está saudável e conectada.","timestamp":"2025-08-01T18:38:50.942Z"}
{"level":"info","message":"Executando verificação de saúde das sessões...","timestamp":"2025-08-01T18:39:50.935Z"}
{"level":"info","message":"Status do número 554399241054 (primary_number) atualizado para: connected","timestamp":"2025-08-01T18:39:50.962Z"}
{"level":"info","message":"Sessão primary_number está saudável e conectada.","timestamp":"2025-08-01T18:39:50.964Z"}
{"level":"info","message":"Executando verificação de saúde das sessões...","timestamp":"2025-08-01T18:40:50.946Z"}
{"level":"info","message":"Status do número 554399241054 (primary_number) atualizado para: connected","timestamp":"2025-08-01T18:40:50.981Z"}
{"level":"info","message":"Sessão primary_number está saudável e conectada.","timestamp":"2025-08-01T18:40:50.984Z"}
{"level":"info","message":"Executando verificação de saúde das sessões...","timestamp":"2025-08-01T18:41:50.956Z"}
{"level":"info","message":"Status do número 554399241054 (primary_number) atualizado para: connected","timestamp":"2025-08-01T18:41:50.973Z"}
{"level":"info","message":"Sessão primary_number está saudável e conectada.","timestamp":"2025-08-01T18:41:50.975Z"}
{"level":"info","message":"Executando verificação de saúde das sessões...","timestamp":"2025-08-01T18:42:50.958Z"}
{"level":"info","message":"Status do número 554399241054 (primary_number) atualizado para: connected","timestamp":"2025-08-01T18:42:50.974Z"}
{"level":"info","message":"Sessão primary_number está saudável e conectada.","timestamp":"2025-08-01T18:42:50.976Z"}
{"level":"info","message":"Banco de dados inicializado com sucesso.","timestamp":"2025-08-01T18:48:01.040Z"}
{"level":"info","message":"Inicializando todos os clientes WppConnect...","timestamp":"2025-08-01T18:48:01.042Z"}
{"level":"info","message":"Iniciando criação do cliente para a sessão: primary_number (554399241054)","timestamp":"2025-08-01T18:48:01.042Z"}
{"level":"info","message":"Status da sessão primary_number: isLogged","timestamp":"2025-08-01T18:48:06.406Z"}
{"level":"info","message":"Status do número 554399241054 (primary_number) atualizado para: connected","timestamp":"2025-08-01T18:48:06.422Z"}
{"level":"info","message":"Status da sessão primary_number: inChat","timestamp":"2025-08-01T18:48:06.814Z"}
{"level":"info","message":"Status do número 554399241054 (primary_number) atualizado para: connected","timestamp":"2025-08-01T18:48:06.818Z"}
{"level":"info","message":"Cliente para a sessão primary_number foi inicializado. Aguardando autenticação via QR Code...","timestamp":"2025-08-01T18:48:07.615Z"}
{"level":"info","message":"Processo de inicialização de clientes finalizado.","timestamp":"2025-08-01T18:48:07.616Z"}
{"level":"info","message":"Módulo WppConnect inicializado.","timestamp":"2025-08-01T18:48:07.617Z"}
{"level":"info","message":"Servidor rodando na porta 3000","timestamp":"2025-08-01T18:48:07.662Z"}
{"level":"info","message":"Banco de dados inicializado com sucesso.","timestamp":"2025-08-01T18:49:09.113Z"}
{"level":"info","message":"Inicializando todos os clientes WppConnect...","timestamp":"2025-08-01T18:49:09.117Z"}
{"level":"info","message":"Iniciando criação do cliente para a sessão: primary_number (554399241054)","timestamp":"2025-08-01T18:49:09.117Z"}
{"level":"info","message":"Status da sessão primary_number: isLogged","timestamp":"2025-08-01T18:49:13.100Z"}
{"level":"info","message":"Status do número 554399241054 (primary_number) atualizado para: connected","timestamp":"2025-08-01T18:49:13.127Z"}
{"level":"info","message":"Cliente para a sessão primary_number foi inicializado. Aguardando autenticação via QR Code...","timestamp":"2025-08-01T18:49:14.314Z"}
{"level":"info","message":"Processo de inicialização de clientes finalizado.","timestamp":"2025-08-01T18:49:14.314Z"}
{"level":"info","message":"Módulo WppConnect inicializado.","timestamp":"2025-08-01T18:49:14.315Z"}
{"level":"info","message":"Servidor rodando na porta 3000","timestamp":"2025-08-01T18:49:14.319Z"}
{"level":"info","message":"Status da sessão primary_number: inChat","timestamp":"2025-08-01T18:49:15.188Z"}
{"level":"info","message":"Status do número 554399241054 (primary_number) atualizado para: connected","timestamp":"2025-08-01T18:49:15.201Z"}
{"level":"info","message":"Executando verificação de saúde das sessões...","timestamp":"2025-08-01T18:50:14.327Z"}
{"level":"info","message":"Status do número 554399241054 (primary_number) atualizado para: connected","timestamp":"2025-08-01T18:50:14.343Z"}
{"level":"info","message":"Sessão primary_number está saudável e conectada.","timestamp":"2025-08-01T18:50:14.344Z"}
{"level":"info","message":"Executando verificação de saúde das sessões...","timestamp":"2025-08-01T18:51:14.334Z"}
{"level":"info","message":"Status do número 554399241054 (primary_number) atualizado para: connected","timestamp":"2025-08-01T18:51:14.356Z"}
{"level":"info","message":"Sessão primary_number está saudável e conectada.","timestamp":"2025-08-01T18:51:14.357Z"}
{"level":"info","message":"Executando verificação de saúde das sessões...","timestamp":"2025-08-01T18:52:14.335Z"}
{"level":"info","message":"Status do número 554399241054 (primary_number) atualizado para: connected","timestamp":"2025-08-01T18:52:14.368Z"}
{"level":"info","message":"Sessão primary_number está saudável e conectada.","timestamp":"2025-08-01T18:52:14.368Z"}
{"level":"info","message":"Executando verificação de saúde das sessões...","timestamp":"2025-08-01T18:53:14.347Z"}
{"level":"info","message":"Status do número 554399241054 (primary_number) atualizado para: connected","timestamp":"2025-08-01T18:53:14.370Z"}
{"level":"info","message":"Sessão primary_number está saudável e conectada.","timestamp":"2025-08-01T18:53:14.371Z"}
{"level":"info","message":"Executando verificação de saúde das sessões...","timestamp":"2025-08-01T18:54:14.358Z"}
{"level":"info","message":"Status do número 554399241054 (primary_number) atualizado para: connected","timestamp":"2025-08-01T18:54:14.367Z"}
{"level":"info","message":"Sessão primary_number está saudável e conectada.","timestamp":"2025-08-01T18:54:14.368Z"}
{"level":"info","message":"Executando verificação de saúde das sessões...","timestamp":"2025-08-01T18:55:14.362Z"}
{"level":"info","message":"Status do número 554399241054 (primary_number) atualizado para: connected","timestamp":"2025-08-01T18:55:14.383Z"}
{"level":"info","message":"Sessão primary_number está saudável e conectada.","timestamp":"2025-08-01T18:55:14.385Z"}
{"level":"info","message":"Executando verificação de saúde das sessões...","timestamp":"2025-08-01T18:56:14.372Z"}
{"level":"info","message":"Status do número 554399241054 (primary_number) atualizado para: connected","timestamp":"2025-08-01T18:56:14.407Z"}
{"level":"info","message":"Sessão primary_number está saudável e conectada.","timestamp":"2025-08-01T18:56:14.411Z"}
{"level":"info","message":"Executando verificação de saúde das sessões...","timestamp":"2025-08-01T18:57:14.383Z"}
{"level":"info","message":"Status do número 554399241054 (primary_number) atualizado para: connected","timestamp":"2025-08-01T18:57:14.402Z"}
{"level":"info","message":"Sessão primary_number está saudável e conectada.","timestamp":"2025-08-01T18:57:14.404Z"}
{"level":"info","message":"Executando verificação de saúde das sessões...","timestamp":"2025-08-01T18:58:14.398Z"}
{"level":"info","message":"Status do número 554399241054 (primary_number) atualizado para: connected","timestamp":"2025-08-01T18:58:14.437Z"}
{"level":"info","message":"Sessão primary_number está saudável e conectada.","timestamp":"2025-08-01T18:58:14.438Z"}
{"level":"info","message":"Executando verificação de saúde das sessões...","timestamp":"2025-08-01T18:59:14.405Z"}
{"level":"info","message":"Status do número 554399241054 (primary_number) atualizado para: connected","timestamp":"2025-08-01T18:59:14.418Z"}
{"level":"info","message":"Sessão primary_number está saudável e conectada.","timestamp":"2025-08-01T18:59:14.419Z"}
{"level":"info","message":"Banco de dados inicializado com sucesso.","timestamp":"2025-08-01T18:59:52.270Z"}
{"level":"info","message":"Inicializando todos os clientes WppConnect...","timestamp":"2025-08-01T18:59:52.272Z"}
{"level":"info","message":"Iniciando criação do cliente para a sessão: primary_number (554399241054)","timestamp":"2025-08-01T18:59:52.273Z"}
{"level":"info","message":"Status da sessão primary_number: isLogged","timestamp":"2025-08-01T18:59:57.618Z"}
{"level":"info","message":"Status do número 554399241054 (primary_number) atualizado para: connected","timestamp":"2025-08-01T18:59:57.658Z"}
{"level":"info","message":"Status da sessão primary_number: inChat","timestamp":"2025-08-01T18:59:58.058Z"}
{"level":"info","message":"Status do número 554399241054 (primary_number) atualizado para: connected","timestamp":"2025-08-01T18:59:58.068Z"}
{"level":"info","message":"Cliente para a sessão primary_number foi inicializado. Aguardando autenticação via QR Code...","timestamp":"2025-08-01T18:59:58.848Z"}
{"level":"info","message":"Processo de inicialização de clientes finalizado.","timestamp":"2025-08-01T18:59:58.849Z"}
{"level":"info","message":"Módulo WppConnect inicializado.","timestamp":"2025-08-01T18:59:58.850Z"}
{"level":"info","message":"Servidor rodando na porta 3000","timestamp":"2025-08-01T18:59:58.864Z"}
{"level":"info","message":"Usuário logado com sucesso: dioneygabriel20@gmail.com","timestamp":"2025-08-01T19:00:06.820Z"}
{"level":"error","message":"Erro ao criar assinatura no Mercado Pago:","timestamp":"2025-08-01T19:00:55.068Z"}
{"level":"info","message":"Executando verificação de saúde das sessões...","timestamp":"2025-08-01T19:00:58.858Z"}
{"level":"info","message":"Status do número 554399241054 (primary_number) atualizado para: connected","timestamp":"2025-08-01T19:00:58.884Z"}
{"level":"info","message":"Sessão primary_number está saudável e conectada.","timestamp":"2025-08-01T19:00:58.886Z"}
{"level":"info","message":"Executando verificação de saúde das sessões...","timestamp":"2025-08-01T19:01:58.870Z"}
{"level":"info","message":"Status do número 554399241054 (primary_number) atualizado para: connected","timestamp":"2025-08-01T19:01:58.905Z"}
{"level":"info","message":"Sessão primary_number está saudável e conectada.","timestamp":"2025-08-01T19:01:58.908Z"}
{"level":"info","message":"Executando verificação de saúde das sessões...","timestamp":"2025-08-01T19:02:58.870Z"}
{"level":"info","message":"Status do número 554399241054 (primary_number) atualizado para: connected","timestamp":"2025-08-01T19:02:58.907Z"}
{"level":"info","message":"Sessão primary_number está saudável e conectada.","timestamp":"2025-08-01T19:02:58.908Z"}
{"level":"info","message":"Executando verificação de saúde das sessões...","timestamp":"2025-08-01T19:03:58.884Z"}
{"level":"info","message":"Status do número 554399241054 (primary_number) atualizado para: connected","timestamp":"2025-08-01T19:03:58.909Z"}
{"level":"info","message":"Sessão primary_number está saudável e conectada.","timestamp":"2025-08-01T19:03:58.911Z"}
{"level":"info","message":"Executando verificação de saúde das sessões...","timestamp":"2025-08-01T19:04:58.898Z"}
{"level":"info","message":"Status do número 554399241054 (primary_number) atualizado para: connected","timestamp":"2025-08-01T19:04:58.919Z"}
{"level":"info","message":"Sessão primary_number está saudável e conectada.","timestamp":"2025-08-01T19:04:58.921Z"}
{"level":"info","message":"Executando verificação de saúde das sessões...","timestamp":"2025-08-01T19:05:58.911Z"}
{"level":"info","message":"Status do número 554399241054 (primary_number) atualizado para: connected","timestamp":"2025-08-01T19:05:58.934Z"}
{"level":"info","message":"Sessão primary_number está saudável e conectada.","timestamp":"2025-08-01T19:05:58.934Z"}
{"level":"info","message":"Executando verificação de saúde das sessões...","timestamp":"2025-08-01T19:06:58.923Z"}
{"level":"info","message":"Status do número 554399241054 (primary_number) atualizado para: connected","timestamp":"2025-08-01T19:06:58.945Z"}
{"level":"info","message":"Sessão primary_number está saudável e conectada.","timestamp":"2025-08-01T19:06:58.946Z"}
{"level":"info","message":"Novo usuário registrado: TESTUSER1186147191@TESTUSER.COM (ID: 9)","timestamp":"2025-08-01T19:07:05.307Z"}
{"level":"info","message":"Usuário logado com sucesso: TESTUSER1186147191@TESTUSER.COM","timestamp":"2025-08-01T19:07:09.205Z"}
{"level":"error","message":"Erro ao criar assinatura no Mercado Pago:","timestamp":"2025-08-01T19:07:32.667Z"}
{"level":"info","message":"Executando verificação de saúde das sessões...","timestamp":"2025-08-01T19:07:58.929Z"}
{"level":"info","message":"Status do número 554399241054 (primary_number) atualizado para: connected","timestamp":"2025-08-01T19:07:58.973Z"}
{"level":"info","message":"Sessão primary_number está saudável e conectada.","timestamp":"2025-08-01T19:07:58.974Z"}
{"level":"info","message":"Executando verificação de saúde das sessões...","timestamp":"2025-08-01T19:08:58.931Z"}
{"level":"info","message":"Status do número 554399241054 (primary_number) atualizado para: connected","timestamp":"2025-08-01T19:08:58.970Z"}
{"level":"info","message":"Sessão primary_number está saudável e conectada.","timestamp":"2025-08-01T19:08:58.974Z"}
{"level":"info","message":"Executando verificação de saúde das sessões...","timestamp":"2025-08-01T19:09:58.941Z"}
{"level":"info","message":"Status do número 554399241054 (primary_number) atualizado para: connected","timestamp":"2025-08-01T19:09:58.978Z"}
{"level":"info","message":"Sessão primary_number está saudável e conectada.","timestamp":"2025-08-01T19:09:58.979Z"}
{"level":"info","message":"Executando verificação de saúde das sessões...","timestamp":"2025-08-01T19:10:58.953Z"}
{"level":"info","message":"Status do número 554399241054 (primary_number) atualizado para: connected","timestamp":"2025-08-01T19:10:58.990Z"}
{"level":"info","message":"Sessão primary_number está saudável e conectada.","timestamp":"2025-08-01T19:10:58.991Z"}
{"level":"info","message":"Executando verificação de saúde das sessões...","timestamp":"2025-08-01T19:11:58.965Z"}
{"level":"info","message":"Status do número 554399241054 (primary_number) atualizado para: connected","timestamp":"2025-08-01T19:11:58.995Z"}
{"level":"info","message":"Sessão primary_number está saudável e conectada.","timestamp":"2025-08-01T19:11:58.997Z"}
{"level":"info","message":"Executando verificação de saúde das sessões...","timestamp":"2025-08-01T19:12:58.975Z"}
{"level":"info","message":"Status do número 554399241054 (primary_number) atualizado para: connected","timestamp":"2025-08-01T19:12:59.011Z"}
{"level":"info","message":"Sessão primary_number está saudável e conectada.","timestamp":"2025-08-01T19:12:59.012Z"}
{"level":"info","message":"Executando verificação de saúde das sessões...","timestamp":"2025-08-01T19:13:58.978Z"}
{"level":"info","message":"Status do número 554399241054 (primary_number) atualizado para: connected","timestamp":"2025-08-01T19:13:59.009Z"}
{"level":"info","message":"Sessão primary_number está saudável e conectada.","timestamp":"2025-08-01T19:13:59.013Z"}
{"level":"info","message":"Executando verificação de saúde das sessões...","timestamp":"2025-08-01T19:14:58.986Z"}
{"level":"info","message":"Status do número 554399241054 (primary_number) atualizado para: connected","timestamp":"2025-08-01T19:14:59.013Z"}
{"level":"info","message":"Sessão primary_number está saudável e conectada.","timestamp":"2025-08-01T19:14:59.015Z"}
{"level":"info","message":"Executando verificação de saúde das sessões...","timestamp":"2025-08-01T19:15:58.996Z"}
{"level":"info","message":"Status do número 554399241054 (primary_number) atualizado para: connected","timestamp":"2025-08-01T19:15:59.027Z"}
{"level":"info","message":"Sessão primary_number está saudável e conectada.","timestamp":"2025-08-01T19:15:59.028Z"}
{"level":"info","message":"Banco de dados inicializado com sucesso.","timestamp":"2025-08-01T19:17:12.404Z"}
{"level":"info","message":"Inicializando todos os clientes WppConnect...","timestamp":"2025-08-01T19:17:12.407Z"}
{"level":"info","message":"Iniciando criação do cliente para a sessão: primary_number (554399241054)","timestamp":"2025-08-01T19:17:12.407Z"}
{"level":"info","message":"Status da sessão primary_number: isLogged","timestamp":"2025-08-01T19:17:17.059Z"}
{"level":"info","message":"Status do número 554399241054 (primary_number) atualizado para: connected","timestamp":"2025-08-01T19:17:17.108Z"}
{"level":"info","message":"Cliente para a sessão primary_number foi inicializado. Aguardando autenticação via QR Code...","timestamp":"2025-08-01T19:17:18.263Z"}
{"level":"info","message":"Processo de inicialização de clientes finalizado.","timestamp":"2025-08-01T19:17:18.263Z"}
{"level":"info","message":"Módulo WppConnect inicializado.","timestamp":"2025-08-01T19:17:18.263Z"}
{"level":"info","message":"Servidor rodando na porta 3000","timestamp":"2025-08-01T19:17:18.371Z"}
{"level":"info","message":"Status da sessão primary_number: inChat","timestamp":"2025-08-01T19:17:19.742Z"}
{"level":"info","message":"Status do número 554399241054 (primary_number) atualizado para: connected","timestamp":"2025-08-01T19:17:19.752Z"}
{"level":"info","message":"Usuário logado com sucesso: dioneygabriel20@gmail.com","timestamp":"2025-08-01T19:17:55.701Z"}
{"level":"info","message":"Executando verificação de saúde das sessões...","timestamp":"2025-08-01T19:18:18.268Z"}
{"level":"info","message":"Status do número 554399241054 (primary_number) atualizado para: connected","timestamp":"2025-08-01T19:18:18.291Z"}
{"level":"info","message":"Sessão primary_number está saudável e conectada.","timestamp":"2025-08-01T19:18:18.294Z"}
{"level":"info","message":"Executando verificação de saúde das sessões...","timestamp":"2025-08-01T19:19:18.270Z"}
{"level":"info","message":"Status do número 554399241054 (primary_number) atualizado para: connected","timestamp":"2025-08-01T19:19:18.287Z"}
{"level":"info","message":"Sessão primary_number está saudável e conectada.","timestamp":"2025-08-01T19:19:18.289Z"}
{"level":"info","message":"Assinatura criada com sucesso para dioneygabriel20@gmail.com no plano Start","timestamp":"2025-08-01T19:19:51.336Z"}
{"level":"info","message":"Executando verificação de saúde das sessões...","timestamp":"2025-08-01T19:20:18.271Z"}
{"level":"info","message":"Status do número 554399241054 (primary_number) atualizado para: connected","timestamp":"2025-08-01T19:20:18.286Z"}
{"level":"info","message":"Sessão primary_number está saudável e conectada.","timestamp":"2025-08-01T19:20:18.287Z"}
{"level":"info","message":"Executando verificação de saúde das sessões...","timestamp":"2025-08-01T19:21:18.286Z"}
{"level":"info","message":"Status do número 554399241054 (primary_number) atualizado para: connected","timestamp":"2025-08-01T19:21:18.332Z"}
{"level":"info","message":"Sessão primary_number está saudável e conectada.","timestamp":"2025-08-01T19:21:18.333Z"}
{"level":"info","message":"Executando verificação de saúde das sessões...","timestamp":"2025-08-01T19:22:18.288Z"}
{"level":"info","message":"Status do número 554399241054 (primary_number) atualizado para: connected","timestamp":"2025-08-01T19:22:18.330Z"}
{"level":"info","message":"Sessão primary_number está saudável e conectada.","timestamp":"2025-08-01T19:22:18.331Z"}
{"level":"info","message":"Executando verificação de saúde das sessões...","timestamp":"2025-08-01T19:23:18.297Z"}
{"level":"info","message":"Status do número 554399241054 (primary_number) atualizado para: connected","timestamp":"2025-08-01T19:23:18.317Z"}
{"level":"info","message":"Sessão primary_number está saudável e conectada.","timestamp":"2025-08-01T19:23:18.318Z"}
{"level":"info","message":"Executando verificação de saúde das sessões...","timestamp":"2025-08-01T19:24:18.311Z"}
{"level":"info","message":"Status do número 554399241054 (primary_number) atualizado para: connected","timestamp":"2025-08-01T19:24:18.332Z"}
{"level":"info","message":"Sessão primary_number está saudável e conectada.","timestamp":"2025-08-01T19:24:18.334Z"}
{"level":"info","message":"Executando verificação de saúde das sessões...","timestamp":"2025-08-01T19:25:18.313Z"}
{"level":"info","message":"Status do número 554399241054 (primary_number) atualizado para: connected","timestamp":"2025-08-01T19:25:18.338Z"}
{"level":"info","message":"Sessão primary_number está saudável e conectada.","timestamp":"2025-08-01T19:25:18.341Z"}
{"level":"info","message":"Executando verificação de saúde das sessões...","timestamp":"2025-08-01T19:26:18.324Z"}
{"level":"info","message":"Status do número 554399241054 (primary_number) atualizado para: connected","timestamp":"2025-08-01T19:26:18.347Z"}
{"level":"info","message":"Sessão primary_number está saudável e conectada.","timestamp":"2025-08-01T19:26:18.349Z"}
{"level":"info","message":"Executando verificação de saúde das sessões...","timestamp":"2025-08-01T19:27:18.328Z"}
{"level":"info","message":"Status do número 554399241054 (primary_number) atualizado para: connected","timestamp":"2025-08-01T19:27:18.352Z"}
{"level":"info","message":"Sessão primary_number está saudável e conectada.","timestamp":"2025-08-01T19:27:18.355Z"}
